<?xml version="1.0" encoding="UTF-8"?>
<testsuite name="com.example.android.testing.unittesting.BasicSample.SharedPreferencesHelperTest" tests="2" skipped="0" failures="0" errors="0" timestamp="2016-10-13T04:49:44" hostname="ZebaoMBP.local" time="0.041">
  <properties/>
  <testcase name="sharedPreferencesHelper_SavePersonalInformationFailed_ReturnsFalse" classname="com.example.android.testing.unittesting.BasicSample.SharedPreferencesHelperTest" time="0.03"/>
  <testcase name="sharedPreferencesHelper_SaveAndReadPersonalInformation" classname="com.example.android.testing.unittesting.BasicSample.SharedPreferencesHelperTest" time="0.009"/>
  <system-out><![CDATA[]]></system-out>
  <system-err><![CDATA[]]></system-err>
</testsuite>
