<?xml version="1.0" encoding="UTF-8"?>
<testsuite name="com.example.android.testing.unittesting.BasicSample.EmailValidatorTest" tests="7" skipped="0" failures="0" errors="0" timestamp="2016-10-13T04:49:47" hostname="ZebaoMBP.local" time="0.008">
  <properties/>
  <testcase name="emailValidator_InvalidEmailNoTld_ReturnsFalse" classname="com.example.android.testing.unittesting.BasicSample.EmailValidatorTest" time="0.004"/>
  <testcase name="emailValidator_CorrectEmailSimple_ReturnsTrue" classname="com.example.android.testing.unittesting.BasicSample.EmailValidatorTest" time="0.0"/>
  <testcase name="emailValidator_NullEmail_ReturnsFalse" classname="com.example.android.testing.unittesting.BasicSample.EmailValidatorTest" time="0.001"/>
  <testcase name="emailValidator_CorrectEmailSubDomain_ReturnsTrue" classname="com.example.android.testing.unittesting.BasicSample.EmailValidatorTest" time="0.0"/>
  <testcase name="emailValidator_InvalidEmailDoubleDot_ReturnsFalse" classname="com.example.android.testing.unittesting.BasicSample.EmailValidatorTest" time="0.001"/>
  <testcase name="emailValidator_InvalidEmailNoUsername_ReturnsFalse" classname="com.example.android.testing.unittesting.BasicSample.EmailValidatorTest" time="0.0"/>
  <testcase name="emailValidator_EmptyString_ReturnsFalse" classname="com.example.android.testing.unittesting.BasicSample.EmailValidatorTest" time="0.001"/>
  <system-out><![CDATA[]]></system-out>
  <system-err><![CDATA[]]></system-err>
</testsuite>
